bash: cannot set terminal process group (-1): Inappropriate ioctl for device
bash: no job control in this shell


processing file: NeuroShiny_Script_ID_20230326_161419_61744_em_try_05.Rmd
  |                                                                              |                                                                      |   0%  |                                                                              |..........                                                            |  14%
  ordinary text without R code

  |                                                                              |....................                                                  |  29%
label: setup (with options) 
List of 1
 $ include: logi FALSE

  |                                                                              |..............................                                        |  43%
  ordinary text without R code

  |                                                                              |........................................                              |  57%
label: unnamed-chunk-1
trying URL 'https://cloud.r-project.org/src/contrib/vctrs_0.6.2.tar.gz'
Content type 'application/x-gzip' length 964633 bytes (942 KB)
==================================================
downloaded 942 KB

trying URL 'https://cloud.r-project.org/src/contrib/stringi_1.7.12.tar.gz'
Content type 'application/x-gzip' length 7602365 bytes (7.3 MB)
==================================================
downloaded 7.3 MB

trying URL 'https://cloud.r-project.org/src/contrib/rlang_1.1.1.tar.gz'
Content type 'application/x-gzip' length 762533 bytes (744 KB)
==================================================
downloaded 744 KB

trying URL 'https://cloud.r-project.org/src/contrib/magrittr_2.0.3.tar.gz'
Content type 'application/x-gzip' length 267074 bytes (260 KB)
==================================================
downloaded 260 KB

trying URL 'https://cloud.r-project.org/src/contrib/lifecycle_1.0.3.tar.gz'
Content type 'application/x-gzip' length 106854 bytes (104 KB)
==================================================
downloaded 104 KB

trying URL 'https://cloud.r-project.org/src/contrib/glue_1.6.2.tar.gz'
Content type 'application/x-gzip' length 106510 bytes (104 KB)
==================================================
downloaded 104 KB

trying URL 'https://cloud.r-project.org/src/contrib/cli_3.6.1.tar.gz'
Content type 'application/x-gzip' length 567293 bytes (553 KB)
==================================================
downloaded 553 KB

trying URL 'https://cloud.r-project.org/src/contrib/withr_2.5.0.tar.gz'
Content type 'application/x-gzip' length 102089 bytes (99 KB)
==================================================
downloaded 99 KB

trying URL 'https://cloud.r-project.org/src/contrib/utf8_1.2.3.tar.gz'
Content type 'application/x-gzip' length 241412 bytes (235 KB)
==================================================
downloaded 235 KB

trying URL 'https://cloud.r-project.org/src/contrib/fansi_1.0.4.tar.gz'
Content type 'application/x-gzip' length 482055 bytes (470 KB)
==================================================
downloaded 470 KB

trying URL 'https://cloud.r-project.org/src/contrib/tidyselect_1.2.0.tar.gz'
Content type 'application/x-gzip' length 101498 bytes (99 KB)
==================================================
downloaded 99 KB

trying URL 'https://cloud.r-project.org/src/contrib/tibble_3.2.1.tar.gz'
Content type 'application/x-gzip' length 565982 bytes (552 KB)
==================================================
downloaded 552 KB

trying URL 'https://cloud.r-project.org/src/contrib/pillar_1.9.0.tar.gz'
Content type 'application/x-gzip' length 444528 bytes (434 KB)
==================================================
downloaded 434 KB

trying URL 'https://cloud.r-project.org/src/contrib/generics_0.1.3.tar.gz'
Content type 'application/x-gzip' length 172201 bytes (168 KB)
==================================================
downloaded 168 KB

trying URL 'https://cloud.r-project.org/src/contrib/colorspace_2.1-0.tar.gz'
Content type 'application/x-gzip' length 2116339 bytes (2.0 MB)
==================================================
downloaded 2.0 MB

trying URL 'https://cloud.r-project.org/src/contrib/R.methodsS3_1.8.2.tar.gz'
Content type 'application/x-gzip' length 24131 bytes (23 KB)
==================================================
downloaded 23 KB

trying URL 'https://cloud.r-project.org/src/contrib/R.oo_1.25.0.tar.gz'
Content type 'application/x-gzip' length 384384 bytes (375 KB)
==================================================
downloaded 375 KB

trying URL 'https://cloud.r-project.org/src/contrib/viridisLite_0.4.1.tar.gz'
Content type 'application/x-gzip' length 1267090 bytes (1.2 MB)
==================================================
downloaded 1.2 MB

trying URL 'https://cloud.r-project.org/src/contrib/RColorBrewer_1.1-3.tar.gz'
Content type 'application/x-gzip' length 11638 bytes (11 KB)
==================================================
downloaded 11 KB

trying URL 'https://cloud.r-project.org/src/contrib/farver_2.1.1.tar.gz'
Content type 'application/x-gzip' length 1274363 bytes (1.2 MB)
==================================================
downloaded 1.2 MB

trying URL 'https://cloud.r-project.org/src/contrib/cpp11_0.4.3.tar.gz'
Content type 'application/x-gzip' length 304530 bytes (297 KB)
==================================================
downloaded 297 KB

trying URL 'https://cloud.r-project.org/src/contrib/stringr_1.5.0.tar.gz'
Content type 'application/x-gzip' length 175699 bytes (171 KB)
==================================================
downloaded 171 KB

trying URL 'https://cloud.r-project.org/src/contrib/purrr_1.0.1.tar.gz'
Content type 'application/x-gzip' length 220628 bytes (215 KB)
==================================================
downloaded 215 KB

trying URL 'https://cloud.r-project.org/src/contrib/dplyr_1.1.2.tar.gz'
Content type 'application/x-gzip' length 1083348 bytes (1.0 MB)
==================================================
downloaded 1.0 MB

trying URL 'https://cloud.r-project.org/src/contrib/R.utils_2.12.2.tar.gz'
Content type 'application/x-gzip' length 365876 bytes (357 KB)
==================================================
downloaded 357 KB

trying URL 'https://cloud.r-project.org/src/contrib/gtable_0.3.3.tar.gz'
Content type 'application/x-gzip' length 130057 bytes (127 KB)
==================================================
downloaded 127 KB

trying URL 'https://cloud.r-project.org/src/contrib/scales_1.2.1.tar.gz'
Content type 'application/x-gzip' length 270609 bytes (264 KB)
==================================================
downloaded 264 KB

trying URL 'https://cloud.r-project.org/src/contrib/isoband_0.2.7.tar.gz'
Content type 'application/x-gzip' length 1591812 bytes (1.5 MB)
==================================================
downloaded 1.5 MB

trying URL 'https://cloud.r-project.org/src/contrib/proxy_0.4-27.tar.gz'
Content type 'application/x-gzip' length 74622 bytes (72 KB)
==================================================
downloaded 72 KB

trying URL 'https://cloud.r-project.org/src/contrib/tidyr_1.3.0.tar.gz'
Content type 'application/x-gzip' length 823546 bytes (804 KB)
==================================================
downloaded 804 KB

trying URL 'https://cloud.r-project.org/src/contrib/tictoc_1.2.tar.gz'
Content type 'application/x-gzip' length 420465 bytes (410 KB)
==================================================
downloaded 410 KB

trying URL 'https://cloud.r-project.org/src/contrib/R.matlab_3.7.0.tar.gz'
Content type 'application/x-gzip' length 109258 bytes (106 KB)
==================================================
downloaded 106 KB

trying URL 'https://cloud.r-project.org/src/contrib/ggplot2_3.4.2.tar.gz'
Content type 'application/x-gzip' length 3153811 bytes (3.0 MB)
==================================================
downloaded 3.0 MB

trying URL 'https://cloud.r-project.org/src/contrib/forcats_1.0.0.tar.gz'
Content type 'application/x-gzip' length 294183 bytes (287 KB)
==================================================
downloaded 287 KB

trying URL 'https://cloud.r-project.org/src/contrib/e1071_1.7-13.tar.gz'
Content type 'application/x-gzip' length 314205 bytes (306 KB)
==================================================
downloaded 306 KB

* installing *source* package ‘stringi’ ...
** package ‘stringi’ successfully unpacked and MD5 sums checked
** using staged installation
checking for R_HOME... /gpfs/loomis/apps/avx/software/R/4.1.0-foss-2020b/lib64/R
checking for R... 